TN:
SF:src/app.ts
FNF:0
FNH:0
DA:8,1
DA:9,1
DA:10,1
DA:12,1
DA:13,1
DA:14,1
LF:6
LH:6
BRDA:13,0,0,1
BRF:1
BRH:1
end_of_record
TN:
SF:src/database.ts
FNF:0
FNH:0
DA:3,2
DA:4,2
LF:2
LH:2
BRF:0
BRH:0
end_of_record
TN:
SF:src/controllers/adminController.ts
FN:5,truncateDatabase
FN:10,populateDatabase
FNF:2
FNH:0
FNDA:0,truncateDatabase
FNDA:0,populateDatabase
DA:6,0
DA:7,0
DA:11,0
DA:12,0
DA:13,0
LF:5
LH:0
BRF:0
BRH:0
end_of_record
TN:
SF:src/controllers/recommendationController.ts
FN:6,insert
FN:17,upvote
FN:25,downvote
FN:33,random
FN:39,get
FN:44,getTop
FN:51,getById
FNF:7
FNH:7
FNDA:2,insert
FNDA:1,upvote
FNDA:2,downvote
FNDA:1,random
FNDA:1,get
FNDA:1,getTop
FNDA:1,getById
DA:7,2
DA:8,2
DA:9,1
DA:12,1
DA:14,1
DA:18,1
DA:20,1
DA:22,1
DA:26,2
DA:28,2
DA:30,2
DA:34,1
DA:36,1
DA:40,1
DA:41,1
DA:45,1
DA:47,1
DA:48,1
DA:52,1
DA:54,1
DA:55,1
DA:58,1
LF:22
LH:22
BRDA:8,0,0,1
BRF:1
BRH:1
end_of_record
TN:
SF:src/middlewares/errorHandlerMiddleware.ts
FN:9,errorHandlerMiddleware
FNF:1
FNH:1
FNDA:1,errorHandlerMiddleware
DA:15,1
DA:17,1
DA:18,1
DA:21,0
LF:4
LH:3
BRDA:17,0,0,1
BRF:1
BRH:1
end_of_record
TN:
SF:src/repositories/recommendationRepository.ts
FN:5,create
FN:16,getFindAllFilter
FN:28,findAll
FN:37,getAmountByScore
FN:44,find
FN:50,updateScore
FN:59,remove
FNF:7
FNH:7
FNDA:1,create
FNDA:2,getFindAllFilter
FNDA:2,findAll
FNDA:1,getAmountByScore
FNDA:4,find
FNDA:3,updateScore
FNDA:1,remove
DA:6,1
DA:19,2
DA:21,1
DA:23,1
DA:29,2
DA:31,2
DA:38,1
DA:45,4
DA:51,3
DA:60,1
DA:65,2
LF:11
LH:11
BRDA:19,0,0,1
BRF:1
BRH:1
end_of_record
TN:
SF:src/routers/adminRouter.ts
FNF:0
FNH:0
DA:4,1
DA:6,1
DA:8,1
LF:3
LH:3
BRF:0
BRH:0
end_of_record
TN:
SF:src/routers/recommendationRouter.ts
FNF:0
FNH:0
DA:4,1
DA:6,1
DA:7,1
DA:8,1
DA:9,1
DA:10,1
DA:11,1
DA:12,1
LF:8
LH:8
BRF:0
BRH:0
end_of_record
TN:
SF:src/schemas/recommendationsSchemas.ts
FNF:0
FNH:0
DA:5,1
DA:7,1
LF:2
LH:2
BRF:0
BRH:0
end_of_record
TN:
SF:src/services/recommendationsService.ts
FN:7,insert
FN:11,upvote
FN:18,downvote
FN:29,getById
FN:33,get
FN:37,getTop
FN:40,getByScore
FN:53,getScoreFilter
FN:60,getRandom
FNF:9
FNH:9
FNDA:1,insert
FNDA:2,upvote
FNDA:3,downvote
FNDA:1,getById
FNDA:1,get
FNDA:1,getTop
FNDA:3,getByScore
FNDA:4,getScoreFilter
FNDA:2,getRandom
DA:8,1
DA:12,2
DA:13,2
DA:15,1
DA:19,3
DA:20,3
DA:22,2
DA:24,2
DA:25,1
DA:30,1
DA:34,1
DA:38,1
DA:41,3
DA:46,3
DA:47,1
DA:50,2
DA:54,4
DA:55,3
DA:58,1
DA:61,2
DA:62,2
DA:64,2
DA:65,2
DA:66,1
DA:69,1
DA:70,1
DA:73,2
LF:27
LH:27
BRDA:13,0,0,1
BRDA:20,1,0,1
BRDA:24,2,0,1
BRDA:46,3,0,1
BRDA:54,4,0,3
BRDA:65,5,0,1
BRF:6
BRH:6
end_of_record
TN:
SF:src/utils/errorUtils.ts
FN:7,isAppError
FN:11,errorTypeToStatusCode
FN:19,conflictError
FN:23,notFoundError
FN:27,unauthorizedError
FN:31,wrongSchemaError
FNF:6
FNH:4
FNDA:1,isAppError
FNDA:1,errorTypeToStatusCode
FNDA:0,conflictError
FNDA:3,notFoundError
FNDA:0,unauthorizedError
FNDA:1,wrongSchemaError
DA:8,1
DA:12,1
DA:13,1
DA:14,1
DA:15,1
DA:16,0
DA:20,0
DA:24,3
DA:28,0
DA:32,1
LF:10
LH:7
BRDA:12,0,0,0
BRDA:13,1,0,0
BRDA:14,2,0,0
BRDA:15,3,0,1
BRDA:20,4,0,0
BRDA:20,4,1,0
BRDA:20,5,0,0
BRDA:20,5,1,0
BRDA:24,6,0,0
BRDA:24,6,1,3
BRDA:24,7,0,3
BRDA:24,7,1,3
BRDA:28,8,0,0
BRDA:28,8,1,0
BRDA:28,9,0,0
BRDA:28,9,1,0
BRDA:32,10,0,0
BRDA:32,10,1,1
BRDA:32,11,0,1
BRDA:32,11,1,1
BRF:20
BRH:7
end_of_record
TN:
SF:tests/factories/songFactory.ts
FN:3,songFactory
FNF:1
FNH:1
FNDA:1,songFactory
DA:4,1
DA:5,1
LF:2
LH:2
BRF:0
BRH:0
end_of_record
TN:
SF:tests/utils/database.ts
FN:4,clearDatabase
FN:8,disconnect
FN:12,populateDatabase
FN:17,getRandomRecommendation
FN:21,getRecommendationById
FN:25,getRecommendationByScore
FNF:6
FNH:6
FNDA:9,clearDatabase
FNDA:1,disconnect
FNDA:7,populateDatabase
FNDA:3,getRandomRecommendation
FNDA:3,getRecommendationById
FNDA:1,getRecommendationByScore
DA:5,9
DA:9,1
DA:13,7
DA:14,7
DA:18,3
DA:22,3
DA:26,1
LF:7
LH:7
BRF:0
BRH:0
end_of_record
